<?xml version="1.0" encoding="UTF-8"?>
<!-- Generated by org.testng.reporters.JUnitXMLReporter -->
<testsuite hostname="LAPTOP-37R1BT8F" ignored="19" name="Test" tests="1" failures="0" timestamp="2021-07-05T16:48:39 CAT" time="0.422" errors="0">
  <testcase name="GETALLCLIENTS2" time="0.332" classname="APIProject.com.org.api.WebsocketsAutomation"/>
  <testcase name="DEACTIVATE" time="0.0" classname="APIProject.com.org.api.WebsocketsAutomation">
    <ignored/>
  </testcase> <!-- DEACTIVATE -->
  <testcase name="GETDEVICESTATE" time="0.0" classname="APIProject.com.org.api.WebsocketsAutomation">
    <ignored/>
  </testcase> <!-- GETDEVICESTATE -->
  <testcase name="GETALLREFERALS" time="0.0" classname="APIProject.com.org.api.WebsocketsAutomation">
    <ignored/>
  </testcase> <!-- GETALLREFERALS -->
  <testcase name="REINSTATECONTRACT" time="0.0" classname="APIProject.com.org.api.WebsocketsAutomation">
    <ignored/>
  </testcase> <!-- REINSTATECONTRACT -->
  <testcase name="CHECKSERIAL" time="0.0" classname="APIProject.com.org.api.WebsocketsAutomation">
    <ignored/>
  </testcase> <!-- CHECKSERIAL -->
  <testcase name="GETNEWS" time="0.0" classname="APIProject.com.org.api.WebsocketsAutomation">
    <ignored/>
  </testcase> <!-- GETNEWS -->
  <testcase name="SAVENEWS" time="0.0" classname="APIProject.com.org.api.WebsocketsAutomation">
    <ignored/>
  </testcase> <!-- SAVENEWS -->
  <testcase name="LOGIN" time="0.0" classname="APIProject.com.org.api.WebsocketsAutomation">
    <ignored/>
  </testcase> <!-- LOGIN -->
  <testcase name="GETINSTALLER" time="0.0" classname="APIProject.com.org.api.WebsocketsAutomation">
    <ignored/>
  </testcase> <!-- GETINSTALLER -->
  <testcase name="GETDEFAULTUSERDEVICES" time="0.0" classname="APIProject.com.org.api.WebsocketsAutomation">
    <ignored/>
  </testcase> <!-- GETDEFAULTUSERDEVICES -->
  <testcase name="SENDSMS" time="0.0" classname="APIProject.com.org.api.WebsocketsAutomation">
    <ignored/>
  </testcase> <!-- SENDSMS -->
  <testcase name="UPDATEDEVICECELL" time="0.0" classname="APIProject.com.org.api.WebsocketsAutomation">
    <ignored/>
  </testcase> <!-- UPDATEDEVICECELL -->
  <testcase name="CANCELLCONTRACT" time="0.0" classname="APIProject.com.org.api.WebsocketsAutomation">
    <ignored/>
  </testcase> <!-- CANCELLCONTRACT -->
  <testcase name="ACTIVATE" time="0.0" classname="APIProject.com.org.api.WebsocketsAutomation">
    <ignored/>
  </testcase> <!-- ACTIVATE -->
  <testcase name="UNLINKDEVICE" time="0.0" classname="APIProject.com.org.api.WebsocketsAutomation">
    <ignored/>
  </testcase> <!-- UNLINKDEVICE -->
  <testcase name="GETMONTHINSTALLS" time="0.0" classname="APIProject.com.org.api.WebsocketsAutomation">
    <ignored/>
  </testcase> <!-- GETMONTHINSTALLS -->
  <testcase name="LEADCALLED" time="0.0" classname="APIProject.com.org.api.WebsocketsAutomation">
    <ignored/>
  </testcase> <!-- LEADCALLED -->
  <testcase name="MAKEDEVICEREADY" time="0.0" classname="APIProject.com.org.api.WebsocketsAutomation">
    <ignored/>
  </testcase> <!-- MAKEDEVICEREADY -->
  <testcase name="VERIFYOTP" time="0.0" classname="APIProject.com.org.api.WebsocketsAutomation">
    <ignored/>
  </testcase> <!-- VERIFYOTP -->
</testsuite> <!-- Test -->
