<?xml version="1.0" encoding="UTF-8"?>
<testng-results skipped="0" failed="0" ignored="0" total="2" passed="2">
  <reporter-output>
  </reporter-output>
  <suite name="Default suite" duration-ms="9247" started-at="2022-01-05T16:51:41 CAT" finished-at="2022-01-05T16:51:50 CAT">
    <groups>
    </groups>
    <test name="Default test" duration-ms="9247" started-at="2022-01-05T16:51:41 CAT" finished-at="2022-01-05T16:51:50 CAT">
      <class name="APIProject.com.org.api.FSPAquisitionPartyGET">
        <test-method status="PASS" signature="preconditinDeclarations()[pri:0, instance:APIProject.com.org.api.FSPAquisitionPartyGET@704a52ec]" name="preconditinDeclarations" is-config="true" duration-ms="3326" started-at="2022-01-05T16:51:38 CAT" finished-at="2022-01-05T16:51:41 CAT">
          <reporter-output>
          </reporter-output>
        </test-method> <!-- preconditinDeclarations -->
        <test-method status="PASS" signature="FSPAquisiontGETRequest()[pri:0, instance:APIProject.com.org.api.FSPAquisitionPartyGET@704a52ec]" name="FSPAquisiontGETRequest" duration-ms="7845" started-at="2022-01-05T16:51:41 CAT" finished-at="2022-01-05T16:51:49 CAT">
          <reporter-output>
          </reporter-output>
        </test-method> <!-- FSPAquisiontGETRequest -->
        <test-method status="PASS" signature="partytypes()[pri:0, instance:APIProject.com.org.api.FSPAquisitionPartyGET@704a52ec]" name="partytypes" duration-ms="1300" started-at="2022-01-05T16:51:49 CAT" finished-at="2022-01-05T16:51:50 CAT">
          <reporter-output>
          </reporter-output>
        </test-method> <!-- partytypes -->
        <test-method status="PASS" signature="postScriptDeclarations()[pri:0, instance:APIProject.com.org.api.FSPAquisitionPartyGET@704a52ec]" name="postScriptDeclarations" is-config="true" duration-ms="1541" started-at="2022-01-05T16:51:50 CAT" finished-at="2022-01-05T16:51:52 CAT">
          <reporter-output>
          </reporter-output>
        </test-method> <!-- postScriptDeclarations -->
      </class> <!-- APIProject.com.org.api.FSPAquisitionPartyGET -->
    </test> <!-- Default test -->
  </suite> <!-- Default suite -->
</testng-results>
