<?xml version="1.0" encoding="UTF-8"?>
<!-- Generated by org.testng.reporters.JUnitXMLReporter -->
<testsuite hostname="LAPTOP-37R1BT8F" ignored="0" name="Default test" tests="2" failures="0" timestamp="2022-01-05T16:51:50 CAT" time="9.247" errors="0">
  <testcase name="FSPAquisiontGETRequest" time="7.845" classname="APIProject.com.org.api.FSPAquisitionPartyGET"/>
  <testcase name="partytypes" time="1.3" classname="APIProject.com.org.api.FSPAquisitionPartyGET"/>
</testsuite> <!-- Default test -->
