<?xml version="1.0" encoding="UTF-8"?>
<!-- Generated by org.testng.reporters.JUnitXMLReporter -->
<testsuite hostname="LAP00050" ignored="0" name="Test" tests="20" failures="1" timestamp="2021-03-07T12:20:33 CAT" time="0.385" errors="0">
  <testcase name="CANCELLCONTRACT" time="0.038" classname="APIProject.com.org.api.WebsocketsAutomation"/>
  <testcase name="CHECKSERIAL" time="0.005" classname="APIProject.com.org.api.WebsocketsAutomation"/>
  <testcase name="DEACTIVATE" time="0.003" classname="APIProject.com.org.api.WebsocketsAutomation"/>
  <testcase name="GETALLCLIENTS2" time="0.16" classname="APIProject.com.org.api.WebsocketsAutomation"/>
  <testcase name="GETALLREFERALS" time="0.004" classname="APIProject.com.org.api.WebsocketsAutomation"/>
  <testcase name="GETDEFAULTUSERDEVICES" time="0.032" classname="APIProject.com.org.api.WebsocketsAutomation"/>
  <testcase name="GETDEVICESTATE" time="0.003" classname="APIProject.com.org.api.WebsocketsAutomation"/>
  <testcase name="GETINSTALLER" time="0.004" classname="APIProject.com.org.api.WebsocketsAutomation"/>
  <testcase name="GETMONTHINSTALLS" time="0.005" classname="APIProject.com.org.api.WebsocketsAutomation"/>
  <testcase name="GETNEWS" time="0.004" classname="APIProject.com.org.api.WebsocketsAutomation"/>
  <testcase name="LEADCALLED" time="0.001" classname="APIProject.com.org.api.WebsocketsAutomation">
    <failure type="java.io.FileNotFoundException" message="C:\test\LEADCALLED.txt (The system cannot find the file specified)">
      <![CDATA[java.io.FileNotFoundException: C:\test\LEADCALLED.txt (The system cannot find the file specified)
at java.io.FileInputStream.open0(Native Method)
at java.io.FileInputStream.open(FileInputStream.java:195)
at java.io.FileInputStream.<init>(FileInputStream.java:138)
at java.io.FileInputStream.<init>(FileInputStream.java:93)
at java.io.FileReader.<init>(FileReader.java:58)
at APIProject.com.org.api.WebsocketsAutomation.LEADCALLED(WebsocketsAutomation.java:1123)
at java.util.ArrayList.forEach(ArrayList.java:1257)
... Removed 31 stack frames]]>
    </failure>
  </testcase> <!-- LEADCALLED -->
  <testcase name="LOGIN" time="0.003" classname="APIProject.com.org.api.WebsocketsAutomation"/>
  <testcase name="MAKEDEVICEREADY" time="0.004" classname="APIProject.com.org.api.WebsocketsAutomation"/>
  <testcase name="SAVENEWS" time="0.014" classname="APIProject.com.org.api.WebsocketsAutomation"/>
  <testcase name="SENDSMS" time="0.003" classname="APIProject.com.org.api.WebsocketsAutomation"/>
  <testcase name="UPDATEDEVICECELL" time="0.003" classname="APIProject.com.org.api.WebsocketsAutomation"/>
  <testcase name="VERIFYOTP" time="0.004" classname="APIProject.com.org.api.WebsocketsAutomation"/>
  <testcase name="UNLINKDEVICE" time="0.003" classname="APIProject.com.org.api.WebsocketsAutomation"/>
  <testcase name="ACTIVATE" time="0.004" classname="APIProject.com.org.api.WebsocketsAutomation"/>
  <testcase name="REINSTATECONTRACT" time="0.003" classname="APIProject.com.org.api.WebsocketsAutomation"/>
</testsuite> <!-- Test -->
