<?xml version="1.0" encoding="UTF-8"?>
<testng-results skipped="0" failed="1" ignored="0" total="20" passed="19">
  <reporter-output>
  </reporter-output>
  <suite name="Suite" duration-ms="385" started-at="2021-03-07T12:20:33 CAT" finished-at="2021-03-07T12:20:33 CAT">
    <groups>
    </groups>
    <test name="Test" duration-ms="385" started-at="2021-03-07T12:20:33 CAT" finished-at="2021-03-07T12:20:33 CAT">
      <class name="APIProject.com.org.api.WebsocketsAutomation">
        <test-method status="PASS" signature="preconditinDeclarations()[pri:0, instance:APIProject.com.org.api.WebsocketsAutomation@1f36e637]" name="preconditinDeclarations" is-config="true" duration-ms="159" started-at="2021-03-07T12:20:33 CAT" finished-at="2021-03-07T12:20:33 CAT">
          <reporter-output>
          </reporter-output>
        </test-method> <!-- preconditinDeclarations -->
        <test-method status="PASS" signature="CANCELLCONTRACT()[pri:0, instance:APIProject.com.org.api.WebsocketsAutomation@1f36e637]" name="CANCELLCONTRACT" duration-ms="38" started-at="2021-03-07T12:20:33 CAT" finished-at="2021-03-07T12:20:33 CAT">
          <reporter-output>
          </reporter-output>
        </test-method> <!-- CANCELLCONTRACT -->
        <test-method status="PASS" signature="CHECKSERIAL()[pri:0, instance:APIProject.com.org.api.WebsocketsAutomation@1f36e637]" name="CHECKSERIAL" duration-ms="5" started-at="2021-03-07T12:20:33 CAT" finished-at="2021-03-07T12:20:33 CAT">
          <reporter-output>
          </reporter-output>
        </test-method> <!-- CHECKSERIAL -->
        <test-method status="PASS" signature="DEACTIVATE()[pri:0, instance:APIProject.com.org.api.WebsocketsAutomation@1f36e637]" name="DEACTIVATE" duration-ms="3" started-at="2021-03-07T12:20:33 CAT" finished-at="2021-03-07T12:20:33 CAT">
          <reporter-output>
          </reporter-output>
        </test-method> <!-- DEACTIVATE -->
        <test-method status="PASS" signature="GETALLCLIENTS2()[pri:0, instance:APIProject.com.org.api.WebsocketsAutomation@1f36e637]" name="GETALLCLIENTS2" duration-ms="160" started-at="2021-03-07T12:20:33 CAT" finished-at="2021-03-07T12:20:33 CAT">
          <reporter-output>
          </reporter-output>
        </test-method> <!-- GETALLCLIENTS2 -->
        <test-method status="PASS" signature="GETALLREFERALS()[pri:0, instance:APIProject.com.org.api.WebsocketsAutomation@1f36e637]" name="GETALLREFERALS" duration-ms="4" started-at="2021-03-07T12:20:33 CAT" finished-at="2021-03-07T12:20:33 CAT">
          <reporter-output>
          </reporter-output>
        </test-method> <!-- GETALLREFERALS -->
        <test-method status="PASS" signature="GETDEFAULTUSERDEVICES()[pri:0, instance:APIProject.com.org.api.WebsocketsAutomation@1f36e637]" name="GETDEFAULTUSERDEVICES" duration-ms="32" started-at="2021-03-07T12:20:33 CAT" finished-at="2021-03-07T12:20:33 CAT">
          <reporter-output>
          </reporter-output>
        </test-method> <!-- GETDEFAULTUSERDEVICES -->
        <test-method status="PASS" signature="GETDEVICESTATE()[pri:0, instance:APIProject.com.org.api.WebsocketsAutomation@1f36e637]" name="GETDEVICESTATE" duration-ms="3" started-at="2021-03-07T12:20:33 CAT" finished-at="2021-03-07T12:20:33 CAT">
          <reporter-output>
          </reporter-output>
        </test-method> <!-- GETDEVICESTATE -->
        <test-method status="PASS" signature="GETINSTALLER()[pri:0, instance:APIProject.com.org.api.WebsocketsAutomation@1f36e637]" name="GETINSTALLER" duration-ms="4" started-at="2021-03-07T12:20:33 CAT" finished-at="2021-03-07T12:20:33 CAT">
          <reporter-output>
          </reporter-output>
        </test-method> <!-- GETINSTALLER -->
        <test-method status="PASS" signature="GETMONTHINSTALLS()[pri:0, instance:APIProject.com.org.api.WebsocketsAutomation@1f36e637]" name="GETMONTHINSTALLS" duration-ms="5" started-at="2021-03-07T12:20:33 CAT" finished-at="2021-03-07T12:20:33 CAT">
          <reporter-output>
          </reporter-output>
        </test-method> <!-- GETMONTHINSTALLS -->
        <test-method status="PASS" signature="GETNEWS()[pri:0, instance:APIProject.com.org.api.WebsocketsAutomation@1f36e637]" name="GETNEWS" duration-ms="4" started-at="2021-03-07T12:20:33 CAT" finished-at="2021-03-07T12:20:33 CAT">
          <reporter-output>
          </reporter-output>
        </test-method> <!-- GETNEWS -->
        <test-method status="FAIL" signature="LEADCALLED()[pri:0, instance:APIProject.com.org.api.WebsocketsAutomation@1f36e637]" name="LEADCALLED" duration-ms="1" started-at="2021-03-07T12:20:33 CAT" finished-at="2021-03-07T12:20:33 CAT">
          <exception class="java.io.FileNotFoundException">
            <message>
              <![CDATA[C:\test\LEADCALLED.txt (The system cannot find the file specified)]]>
            </message>
            <full-stacktrace>
              <![CDATA[java.io.FileNotFoundException: C:\test\LEADCALLED.txt (The system cannot find the file specified)
at java.io.FileInputStream.open0(Native Method)
at java.io.FileInputStream.open(FileInputStream.java:195)
at java.io.FileInputStream.<init>(FileInputStream.java:138)
at java.io.FileInputStream.<init>(FileInputStream.java:93)
at java.io.FileReader.<init>(FileReader.java:58)
at APIProject.com.org.api.WebsocketsAutomation.LEADCALLED(WebsocketsAutomation.java:1123)
at sun.reflect.NativeMethodAccessorImpl.invoke0(Native Method)
at sun.reflect.NativeMethodAccessorImpl.invoke(NativeMethodAccessorImpl.java:62)
at sun.reflect.DelegatingMethodAccessorImpl.invoke(DelegatingMethodAccessorImpl.java:43)
at java.lang.reflect.Method.invoke(Method.java:498)
at org.testng.internal.MethodInvocationHelper.invokeMethod(MethodInvocationHelper.java:134)
at org.testng.internal.TestInvoker.invokeMethod(TestInvoker.java:597)
at org.testng.internal.TestInvoker.invokeTestMethod(TestInvoker.java:173)
at org.testng.internal.MethodRunner.runInSequence(MethodRunner.java:46)
at org.testng.internal.TestInvoker$MethodInvocationAgent.invoke(TestInvoker.java:816)
at org.testng.internal.TestInvoker.invokeTestMethods(TestInvoker.java:146)
at org.testng.internal.TestMethodWorker.invokeTestMethods(TestMethodWorker.java:146)
at org.testng.internal.TestMethodWorker.run(TestMethodWorker.java:128)
at java.util.ArrayList.forEach(ArrayList.java:1257)
at org.testng.TestRunner.privateRun(TestRunner.java:766)
at org.testng.TestRunner.run(TestRunner.java:587)
at org.testng.SuiteRunner.runTest(SuiteRunner.java:384)
at org.testng.SuiteRunner.runSequentially(SuiteRunner.java:378)
at org.testng.SuiteRunner.privateRun(SuiteRunner.java:337)
at org.testng.SuiteRunner.run(SuiteRunner.java:286)
at org.testng.SuiteRunnerWorker.runSuite(SuiteRunnerWorker.java:53)
at org.testng.SuiteRunnerWorker.run(SuiteRunnerWorker.java:96)
at org.testng.TestNG.runSuitesSequentially(TestNG.java:1187)
at org.testng.TestNG.runSuitesLocally(TestNG.java:1109)
at org.testng.TestNG.runSuites(TestNG.java:1039)
at org.testng.TestNG.run(TestNG.java:1007)
at org.apache.maven.surefire.testng.TestNGExecutor.run(TestNGExecutor.java:284)
at org.apache.maven.surefire.testng.TestNGXmlTestSuite.execute(TestNGXmlTestSuite.java:75)
at org.apache.maven.surefire.testng.TestNGProvider.invoke(TestNGProvider.java:119)
at org.apache.maven.surefire.booter.ForkedBooter.runSuitesInProcess(ForkedBooter.java:428)
at org.apache.maven.surefire.booter.ForkedBooter.execute(ForkedBooter.java:162)
at org.apache.maven.surefire.booter.ForkedBooter.run(ForkedBooter.java:562)
at org.apache.maven.surefire.booter.ForkedBooter.main(ForkedBooter.java:548)
]]>
            </full-stacktrace>
          </exception> <!-- java.io.FileNotFoundException -->
          <reporter-output>
          </reporter-output>
        </test-method> <!-- LEADCALLED -->
        <test-method status="PASS" signature="LOGIN()[pri:0, instance:APIProject.com.org.api.WebsocketsAutomation@1f36e637]" name="LOGIN" duration-ms="3" started-at="2021-03-07T12:20:33 CAT" finished-at="2021-03-07T12:20:33 CAT">
          <reporter-output>
          </reporter-output>
        </test-method> <!-- LOGIN -->
        <test-method status="PASS" signature="MAKEDEVICEREADY()[pri:0, instance:APIProject.com.org.api.WebsocketsAutomation@1f36e637]" name="MAKEDEVICEREADY" duration-ms="4" started-at="2021-03-07T12:20:33 CAT" finished-at="2021-03-07T12:20:33 CAT">
          <reporter-output>
          </reporter-output>
        </test-method> <!-- MAKEDEVICEREADY -->
        <test-method status="PASS" signature="SAVENEWS()[pri:0, instance:APIProject.com.org.api.WebsocketsAutomation@1f36e637]" name="SAVENEWS" duration-ms="14" started-at="2021-03-07T12:20:33 CAT" finished-at="2021-03-07T12:20:33 CAT">
          <reporter-output>
          </reporter-output>
        </test-method> <!-- SAVENEWS -->
        <test-method status="PASS" signature="SENDSMS()[pri:0, instance:APIProject.com.org.api.WebsocketsAutomation@1f36e637]" name="SENDSMS" duration-ms="3" started-at="2021-03-07T12:20:33 CAT" finished-at="2021-03-07T12:20:33 CAT">
          <reporter-output>
          </reporter-output>
        </test-method> <!-- SENDSMS -->
        <test-method status="PASS" signature="UPDATEDEVICECELL()[pri:0, instance:APIProject.com.org.api.WebsocketsAutomation@1f36e637]" name="UPDATEDEVICECELL" duration-ms="3" started-at="2021-03-07T12:20:33 CAT" finished-at="2021-03-07T12:20:33 CAT">
          <reporter-output>
          </reporter-output>
        </test-method> <!-- UPDATEDEVICECELL -->
        <test-method status="PASS" signature="VERIFYOTP()[pri:0, instance:APIProject.com.org.api.WebsocketsAutomation@1f36e637]" name="VERIFYOTP" duration-ms="4" started-at="2021-03-07T12:20:33 CAT" finished-at="2021-03-07T12:20:33 CAT">
          <reporter-output>
          </reporter-output>
        </test-method> <!-- VERIFYOTP -->
        <test-method status="PASS" signature="UNLINKDEVICE()[pri:0, instance:APIProject.com.org.api.WebsocketsAutomation@1f36e637]" name="UNLINKDEVICE" duration-ms="3" started-at="2021-03-07T12:20:33 CAT" finished-at="2021-03-07T12:20:33 CAT">
          <reporter-output>
          </reporter-output>
        </test-method> <!-- UNLINKDEVICE -->
        <test-method status="PASS" signature="ACTIVATE()[pri:0, instance:APIProject.com.org.api.WebsocketsAutomation@1f36e637]" name="ACTIVATE" duration-ms="4" started-at="2021-03-07T12:20:33 CAT" depends-on-methods="APIProject.com.org.api.WebsocketsAutomation.DEACTIVATE" finished-at="2021-03-07T12:20:33 CAT">
          <reporter-output>
          </reporter-output>
        </test-method> <!-- ACTIVATE -->
        <test-method status="PASS" signature="REINSTATECONTRACT()[pri:0, instance:APIProject.com.org.api.WebsocketsAutomation@1f36e637]" name="REINSTATECONTRACT" duration-ms="3" started-at="2021-03-07T12:20:33 CAT" depends-on-methods="APIProject.com.org.api.WebsocketsAutomation.CANCELLCONTRACT" finished-at="2021-03-07T12:20:33 CAT">
          <reporter-output>
          </reporter-output>
        </test-method> <!-- REINSTATECONTRACT -->
        <test-method status="PASS" signature="postScriptDeclarations()[pri:0, instance:APIProject.com.org.api.WebsocketsAutomation@1f36e637]" name="postScriptDeclarations" is-config="true" duration-ms="517" started-at="2021-03-07T12:20:33 CAT" finished-at="2021-03-07T12:20:34 CAT">
          <reporter-output>
          </reporter-output>
        </test-method> <!-- postScriptDeclarations -->
      </class> <!-- APIProject.com.org.api.WebsocketsAutomation -->
    </test> <!-- Test -->
  </suite> <!-- Suite -->
</testng-results>
