<?xml version="1.0" encoding="UTF-8"?>
<testsuite xmlns:xsi="http://www.w3.org/2001/XMLSchema-instance" xsi:noNamespaceSchemaLocation="https://maven.apache.org/surefire/maven-surefire-plugin/xsd/surefire-test-report-3.0.xsd" version="3.0" name="TestSuite" time="2.938" tests="20" errors="0" skipped="0" failures="1">
  <properties>
[...]
</properties>
  <testcase name="CANCELLCONTRACT" classname="APIProject.com.org.api.WebsocketsAutomation" time="0.034"/>
  <testcase name="CHECKSERIAL" classname="APIProject.com.org.api.WebsocketsAutomation" time="0.003"/>
  <testcase name="DEACTIVATE" classname="APIProject.com.org.api.WebsocketsAutomation" time="0.003"/>
  <testcase name="GETALLCLIENTS2" classname="APIProject.com.org.api.WebsocketsAutomation" time="0.165"/>
  <testcase name="GETALLREFERALS" classname="APIProject.com.org.api.WebsocketsAutomation" time="0.008"/>
  <testcase name="GETDEFAULTUSERDEVICES" classname="APIProject.com.org.api.WebsocketsAutomation" time="0.031"/>
  <testcase name="GETDEVICESTATE" classname="APIProject.com.org.api.WebsocketsAutomation" time="0.004"/>
  <testcase name="GETINSTALLER" classname="APIProject.com.org.api.WebsocketsAutomation" time="0.004"/>
  <testcase name="GETMONTHINSTALLS" classname="APIProject.com.org.api.WebsocketsAutomation" time="0.005"/>
  <testcase name="GETNEWS" classname="APIProject.com.org.api.WebsocketsAutomation" time="0.005"/>
  <testcase name="LEADCALLED" classname="APIProject.com.org.api.WebsocketsAutomation" time="0.008">
    <failure message="C:\test\LEADCALLED.txt (The system cannot find the file specified)" type="java.io.FileNotFoundException"><![CDATA[java.io.FileNotFoundException: C:\test\LEADCALLED.txt (The system cannot find the file specified)
	at APIProject.com.org.api.WebsocketsAutomation.LEADCALLED(WebsocketsAutomation.java:1123)
]]></failure>
  </testcase>
  <testcase name="LOGIN" classname="APIProject.com.org.api.WebsocketsAutomation" time="0.002"/>
  <testcase name="MAKEDEVICEREADY" classname="APIProject.com.org.api.WebsocketsAutomation" time="0.004"/>
  <testcase name="SAVENEWS" classname="APIProject.com.org.api.WebsocketsAutomation" time="0.021"/>
  <testcase name="SENDSMS" classname="APIProject.com.org.api.WebsocketsAutomation" time="0.004"/>
  <testcase name="UPDATEDEVICECELL" classname="APIProject.com.org.api.WebsocketsAutomation" time="0.003"/>
  <testcase name="VERIFYOTP" classname="APIProject.com.org.api.WebsocketsAutomation" time="0.004"/>
  <testcase name="UNLINKDEVICE" classname="APIProject.com.org.api.WebsocketsAutomation" time="0.004"/>
  <testcase name="ACTIVATE" classname="APIProject.com.org.api.WebsocketsAutomation" time="0.004"/>
  <testcase name="REINSTATECONTRACT" classname="APIProject.com.org.api.WebsocketsAutomation" time="0.004"/>
</testsuite>